<?xml version="1.0" encoding="UTF-8"?>
<testng-results skipped="0" failed="0" ignored="0" total="2" passed="2">
  <reporter-output>
  </reporter-output>
  <suite name="All Test Suite" duration-ms="32" started-at="2019-04-17T14:08:51Z" finished-at="2019-04-17T14:08:51Z">
    <groups>
    </groups>
    <test name="/Users/srilatha.y/Documents/Srilatha/IntelliJ_Projects/cicdproject/src/test/java/testrunner" duration-ms="32" started-at="2019-04-17T14:08:51Z" finished-at="2019-04-17T14:08:51Z">
      <class name="testrunner.TestOne">
        <test-method status="PASS" signature="testone()[pri:0, instance:testrunner.TestOne@43a25848]" name="testone" duration-ms="9" started-at="2019-04-17T14:08:51Z" finished-at="2019-04-17T14:08:51Z">
          <reporter-output>
          </reporter-output>
        </test-method> <!-- testone -->
        <test-method status="PASS" signature="testtwo()[pri:0, instance:testrunner.TestOne@43a25848]" name="testtwo" duration-ms="0" started-at="2019-04-17T14:08:51Z" finished-at="2019-04-17T14:08:51Z">
          <reporter-output>
          </reporter-output>
        </test-method> <!-- testtwo -->
      </class> <!-- testrunner.TestOne -->
    </test> <!-- /Users/srilatha.y/Documents/Srilatha/IntelliJ_Projects/cicdproject/src/test/java/testrunner -->
  </suite> <!-- All Test Suite -->
</testng-results>
