<?xml version="1.0" encoding="UTF-8"?>
<!-- Generated by org.testng.reporters.JUnitXMLReporter -->
<testsuite hostname="IN-srilathay.local" ignored="0" name="/Users/srilatha.y/Documents/Srilatha/IntelliJ_Projects/cicdproject/src/test/java/testrunner" tests="2" failures="0" timestamp="17 Apr 2019 14:08:52 GMT" time="0.032" errors="0">
  <testcase name="testone" time="0.009" classname="testrunner.TestOne"/>
  <testcase name="testtwo" time="0.0" classname="testrunner.TestOne"/>
</testsuite> <!-- /Users/srilatha.y/Documents/Srilatha/IntelliJ_Projects/cicdproject/src/test/java/testrunner -->
